<?xml version="1.0" encoding="UTF-8"?>
<testng-results total="1" passed="1" failed="0" skipped="0">
  <reporter-output>
  </reporter-output>
  <suite started-at="2022-11-08T04:34:47Z" name="Default suite" finished-at="2022-11-08T04:36:44Z" duration-ms="117283">
    <groups>
    </groups>
    <test started-at="2022-11-08T04:34:47Z" name="Default test" finished-at="2022-11-08T04:36:44Z" duration-ms="117283">
      <class name="datadriven1.dadrivenfirst">
        <test-method signature="test()[pri:0, instance:datadriven1.dadrivenfirst@6c4980d3]" started-at="2022-11-08T10:04:47Z" name="test" finished-at="2022-11-08T10:06:44Z" duration-ms="117246" status="PASS">
          <reporter-output>
          </reporter-output>
        </test-method> <!-- test -->
      </class> <!-- datadriven1.dadrivenfirst -->
    </test> <!-- Default test -->
  </suite> <!-- Default suite -->
</testng-results>
